<?xml version="1.0" encoding="UTF-8"?>
<!-- Generated by org.testng.reporters.JUnitReportReporter -->
<testsuite skipped="0" hostname="SHARATH" name="Academy.HomePage" tests="2" failures="0" timestamp="2020-08-24T21:46:56 IST" time="10.239" errors="0">
  <testcase name="basePageNavigation" time="3.968" classname="Academy.HomePage"/>
  <system-out/>
  <testcase name="basePageNavigation" time="6.271" classname="Academy.HomePage"/>
  <system-out/>
</testsuite> <!-- Academy.HomePage -->
